
GET -- /api/blog/list?isadmin=1 -- Mozilla/5.0 (Macintosh; Intel Mac OS X 10.14; rv:68.0) Gecko/20100101 Firefox/68.0 -- 1567319470902

GET -- /api/blog/list?isadmin=1 -- Mozilla/5.0 (Macintosh; Intel Mac OS X 10.14; rv:68.0) Gecko/20100101 Firefox/68.0 -- 1567319471774

GET -- /api/blog/list?isadmin=1 -- Mozilla/5.0 (Macintosh; Intel Mac OS X 10.14; rv:68.0) Gecko/20100101 Firefox/68.0 -- 1567319472104

GET -- /api/blog/list?isadmin=1 -- Mozilla/5.0 (Macintosh; Intel Mac OS X 10.14; rv:68.0) Gecko/20100101 Firefox/68.0 -- 1567319472291

GET -- /api/blog/list?isadmin=1 -- Mozilla/5.0 (Macintosh; Intel Mac OS X 10.14; rv:68.0) Gecko/20100101 Firefox/68.0 -- 1567319472500

GET -- /api/blog/detail?id=14 -- Mozilla/5.0 (Macintosh; Intel Mac OS X 10_14_5) AppleWebKit/537.36 (KHTML, like Gecko) Chrome/76.0.3809.100 Safari/537.36 OPR/63.0.3368.53 -- 1567319489668

GET -- /api/blog/detail?id=14 -- Mozilla/5.0 (Macintosh; Intel Mac OS X 10_14_5) AppleWebKit/537.36 (KHTML, like Gecko) Chrome/76.0.3809.100 Safari/537.36 OPR/63.0.3368.53 -- 1567319490000

GET -- /api/blog/detail?id=14 -- Mozilla/5.0 (Macintosh; Intel Mac OS X 10_14_5) AppleWebKit/537.36 (KHTML, like Gecko) Chrome/76.0.3809.100 Safari/537.36 OPR/63.0.3368.53 -- 1567319490196

GET -- /api/blog/detail?id=14 -- Mozilla/5.0 (Macintosh; Intel Mac OS X 10_14_5) AppleWebKit/537.36 (KHTML, like Gecko) Chrome/76.0.3809.100 Safari/537.36 OPR/63.0.3368.53 -- 1567319490363

GET -- /api/blog/detail?id=14 -- Mozilla/5.0 (Macintosh; Intel Mac OS X 10_14_5) AppleWebKit/537.36 (KHTML, like Gecko) Chrome/76.0.3809.100 Safari/537.36 -- 1567319511655

GET -- /api/blog/detail?id=14 -- Mozilla/5.0 (Macintosh; Intel Mac OS X 10_14_5) AppleWebKit/537.36 (KHTML, like Gecko) Chrome/76.0.3809.100 Safari/537.36 -- 1567319514246

GET -- /api/blog/detail?id=14 -- Mozilla/5.0 (Macintosh; Intel Mac OS X 10_14_5) AppleWebKit/537.36 (KHTML, like Gecko) Chrome/76.0.3809.100 Safari/537.36 -- 1567319514466

GET -- /api/blog/detail?id=14 -- Mozilla/5.0 (Macintosh; Intel Mac OS X 10_14_5) AppleWebKit/537.36 (KHTML, like Gecko) Chrome/76.0.3809.100 Safari/537.36 -- 1567319514607

GET -- /api/blog/detail?id=14 -- Mozilla/5.0 (Macintosh; Intel Mac OS X 10_14_5) AppleWebKit/537.36 (KHTML, like Gecko) Chrome/76.0.3809.100 Safari/537.36 -- 1567319514747

GET -- /api/blog/detail?id=14 -- Mozilla/5.0 (Macintosh; Intel Mac OS X 10_14_5) AppleWebKit/605.1.15 (KHTML, like Gecko) Version/12.1.1 Safari/605.1.15 -- 1567319525057

GET -- /api/blog/detail?id=14 -- Mozilla/5.0 (Macintosh; Intel Mac OS X 10_14_5) AppleWebKit/605.1.15 (KHTML, like Gecko) Version/12.1.1 Safari/605.1.15 -- 1567319527606

GET -- /api/blog/detail?id=14 -- Mozilla/5.0 (Macintosh; Intel Mac OS X 10_14_5) AppleWebKit/605.1.15 (KHTML, like Gecko) Version/12.1.1 Safari/605.1.15 -- 1567319528093

GET -- /api/blog/detail?id=14 -- Mozilla/5.0 (Macintosh; Intel Mac OS X 10_14_5) AppleWebKit/605.1.15 (KHTML, like Gecko) Version/12.1.1 Safari/605.1.15 -- 1567319528103

GET -- /api/blog/detail?id=14 -- Mozilla/5.0 (Macintosh; Intel Mac OS X 10_14_5) AppleWebKit/605.1.15 (KHTML, like Gecko) Version/12.1.1 Safari/605.1.15 -- 1567319528329

GET -- /api/blog/detail?id=14 -- Mozilla/5.0 (Macintosh; Intel Mac OS X 10_14_5) AppleWebKit/605.1.15 (KHTML, like Gecko) Version/12.1.1 Safari/605.1.15 -- 1567319528339

GET -- /api/blog/detail?id=14 -- Mozilla/5.0 (Macintosh; Intel Mac OS X 10_14_5) AppleWebKit/605.1.15 (KHTML, like Gecko) Version/12.1.1 Safari/605.1.15 -- 1567319528510

GET -- /api/blog/detail?id=14 -- Mozilla/5.0 (Macintosh; Intel Mac OS X 10_14_5) AppleWebKit/605.1.15 (KHTML, like Gecko) Version/12.1.1 Safari/605.1.15 -- 1567319528521

GET -- /api/blog/detail?id=14 -- Mozilla/5.0 (Macintosh; Intel Mac OS X 10_14_5) AppleWebKit/605.1.15 (KHTML, like Gecko) Version/12.1.1 Safari/605.1.15 -- 1567319528648

GET -- /api/blog/detail?id=14 -- Mozilla/5.0 (Macintosh; Intel Mac OS X 10_14_5) AppleWebKit/605.1.15 (KHTML, like Gecko) Version/12.1.1 Safari/605.1.15 -- 1567319528660

GET -- /api/blog/list?isadmin=1 -- Mozilla/5.0 (Macintosh; Intel Mac OS X 10_14_5) AppleWebKit/537.36 (KHTML, like Gecko) Chrome/76.0.3809.100 Safari/537.36 OPR/63.0.3368.53 -- 1567323059580

GET -- /api/blog/detail?id=14 -- Mozilla/5.0 (Macintosh; Intel Mac OS X 10_14_5) AppleWebKit/537.36 (KHTML, like Gecko) Chrome/76.0.3809.100 Safari/537.36 OPR/63.0.3368.53 -- 1567323676868

GET -- /api/blog/list?isadmin=1 -- Mozilla/5.0 (Macintosh; Intel Mac OS X 10_14_5) AppleWebKit/537.36 (KHTML, like Gecko) Chrome/76.0.3809.100 Safari/537.36 OPR/63.0.3368.53 -- 1567323677972

GET -- /api/blog/list?isadmin=1 -- Mozilla/5.0 (Macintosh; Intel Mac OS X 10_14_5) AppleWebKit/537.36 (KHTML, like Gecko) Chrome/76.0.3809.100 Safari/537.36 OPR/63.0.3368.53 -- 1567323679175

POST -- /api/user/login -- Mozilla/5.0 (Macintosh; Intel Mac OS X 10_14_5) AppleWebKit/537.36 (KHTML, like Gecko) Chrome/76.0.3809.100 Safari/537.36 OPR/63.0.3368.53 -- 1567323698050

POST -- /api/user/login -- Mozilla/5.0 (Macintosh; Intel Mac OS X 10_14_5) AppleWebKit/537.36 (KHTML, like Gecko) Chrome/76.0.3809.100 Safari/537.36 OPR/63.0.3368.53 -- 1567323727670

POST -- /api/user/login -- Mozilla/5.0 (Macintosh; Intel Mac OS X 10_14_5) AppleWebKit/537.36 (KHTML, like Gecko) Chrome/76.0.3809.100 Safari/537.36 OPR/63.0.3368.53 -- 1567323746918

POST -- /api/user/login -- Mozilla/5.0 (Macintosh; Intel Mac OS X 10_14_5) AppleWebKit/537.36 (KHTML, like Gecko) Chrome/76.0.3809.100 Safari/537.36 OPR/63.0.3368.53 -- 1567323769236

POST -- /api/user/login -- Mozilla/5.0 (Macintosh; Intel Mac OS X 10_14_5) AppleWebKit/537.36 (KHTML, like Gecko) Chrome/76.0.3809.100 Safari/537.36 OPR/63.0.3368.53 -- 1567323786558

POST -- /api/user/login -- Mozilla/5.0 (Macintosh; Intel Mac OS X 10_14_5) AppleWebKit/537.36 (KHTML, like Gecko) Chrome/76.0.3809.100 Safari/537.36 OPR/63.0.3368.53 -- 1567323819479

POST -- /api/user/login -- Mozilla/5.0 (Macintosh; Intel Mac OS X 10_14_5) AppleWebKit/537.36 (KHTML, like Gecko) Chrome/76.0.3809.100 Safari/537.36 OPR/63.0.3368.53 -- 1567324066910

GET -- /api/blog/list?isadmin=1 -- Mozilla/5.0 (Macintosh; Intel Mac OS X 10_14_5) AppleWebKit/537.36 (KHTML, like Gecko) Chrome/76.0.3809.100 Safari/537.36 OPR/63.0.3368.53 -- 1567324067012

GET -- /api/blog/list?isadmin=1 -- Mozilla/5.0 (Macintosh; Intel Mac OS X 10_14_5) AppleWebKit/537.36 (KHTML, like Gecko) Chrome/76.0.3809.100 Safari/537.36 OPR/63.0.3368.53 -- 1567324071514

GET -- /api/blog/list?isadmin=1 -- Mozilla/5.0 (Macintosh; Intel Mac OS X 10_14_5) AppleWebKit/537.36 (KHTML, like Gecko) Chrome/76.0.3809.100 Safari/537.36 OPR/63.0.3368.53 -- 1567324071982

GET -- /api/blog/list?isadmin=1 -- Mozilla/5.0 (Macintosh; Intel Mac OS X 10_14_5) AppleWebKit/537.36 (KHTML, like Gecko) Chrome/76.0.3809.100 Safari/537.36 OPR/63.0.3368.53 -- 1567324072186

GET -- /api/blog/list?isadmin=1 -- Mozilla/5.0 (Macintosh; Intel Mac OS X 10_14_5) AppleWebKit/537.36 (KHTML, like Gecko) Chrome/76.0.3809.100 Safari/537.36 OPR/63.0.3368.53 -- 1567324072356

POST -- /api/blog/new -- Mozilla/5.0 (Macintosh; Intel Mac OS X 10_14_5) AppleWebKit/537.36 (KHTML, like Gecko) Chrome/76.0.3809.100 Safari/537.36 OPR/63.0.3368.53 -- 1567324085132

GET -- /api/blog/list?isadmin=1 -- Mozilla/5.0 (Macintosh; Intel Mac OS X 10_14_5) AppleWebKit/537.36 (KHTML, like Gecko) Chrome/76.0.3809.100 Safari/537.36 OPR/63.0.3368.53 -- 1567324097718

GET -- /api/blog/list?isadmin=1 -- Mozilla/5.0 (Macintosh; Intel Mac OS X 10_14_5) AppleWebKit/537.36 (KHTML, like Gecko) Chrome/76.0.3809.100 Safari/537.36 OPR/63.0.3368.53 -- 1567324098687

GET -- /api/blog/list?isadmin=1 -- Mozilla/5.0 (Macintosh; Intel Mac OS X 10_14_5) AppleWebKit/537.36 (KHTML, like Gecko) Chrome/76.0.3809.100 Safari/537.36 OPR/63.0.3368.53 -- 1567324098965

GET -- /api/blog/list?isadmin=1 -- Mozilla/5.0 (Macintosh; Intel Mac OS X 10_14_5) AppleWebKit/537.36 (KHTML, like Gecko) Chrome/76.0.3809.100 Safari/537.36 OPR/63.0.3368.53 -- 1567324099175

GET -- /api/blog/list?isadmin=1 -- Mozilla/5.0 (Macintosh; Intel Mac OS X 10_14_5) AppleWebKit/537.36 (KHTML, like Gecko) Chrome/76.0.3809.100 Safari/537.36 OPR/63.0.3368.53 -- 1567324099357

POST -- /api/user/login -- Mozilla/5.0 (Macintosh; Intel Mac OS X 10_14_5) AppleWebKit/537.36 (KHTML, like Gecko) Chrome/76.0.3809.100 Safari/537.36 OPR/63.0.3368.53 -- 1567324105355

GET -- /api/blog/list?isadmin=1 -- Mozilla/5.0 (Macintosh; Intel Mac OS X 10_14_5) AppleWebKit/537.36 (KHTML, like Gecko) Chrome/76.0.3809.100 Safari/537.36 OPR/63.0.3368.53 -- 1567324105418

POST -- /api/user/login -- Mozilla/5.0 (Macintosh; Intel Mac OS X 10_14_5) AppleWebKit/537.36 (KHTML, like Gecko) Chrome/76.0.3809.100 Safari/537.36 OPR/63.0.3368.53 -- 1567324117500

GET -- /api/blog/list?isadmin=1 -- Mozilla/5.0 (Macintosh; Intel Mac OS X 10_14_5) AppleWebKit/537.36 (KHTML, like Gecko) Chrome/76.0.3809.100 Safari/537.36 OPR/63.0.3368.53 -- 1567324117573

POST -- /api/user/login -- Mozilla/5.0 (Macintosh; Intel Mac OS X 10_14_5) AppleWebKit/537.36 (KHTML, like Gecko) Chrome/76.0.3809.100 Safari/537.36 OPR/63.0.3368.53 -- 1567324134677

GET -- /api/blog/list?isadmin=1 -- Mozilla/5.0 (Macintosh; Intel Mac OS X 10_14_5) AppleWebKit/537.36 (KHTML, like Gecko) Chrome/76.0.3809.100 Safari/537.36 OPR/63.0.3368.53 -- 1567324134759

POST -- /api/user/login -- Mozilla/5.0 (Macintosh; Intel Mac OS X 10_14_5) AppleWebKit/537.36 (KHTML, like Gecko) Chrome/76.0.3809.100 Safari/537.36 OPR/63.0.3368.53 -- 1567324204752

GET -- /api/blog/list?isadmin=1 -- Mozilla/5.0 (Macintosh; Intel Mac OS X 10_14_5) AppleWebKit/537.36 (KHTML, like Gecko) Chrome/76.0.3809.100 Safari/537.36 OPR/63.0.3368.53 -- 1567324204937

POST -- /api/user/login -- Mozilla/5.0 (Macintosh; Intel Mac OS X 10_14_5) AppleWebKit/537.36 (KHTML, like Gecko) Chrome/76.0.3809.100 Safari/537.36 OPR/63.0.3368.53 -- 1567324430540

GET -- /api/blog/list?isadmin=1 -- Mozilla/5.0 (Macintosh; Intel Mac OS X 10_14_5) AppleWebKit/537.36 (KHTML, like Gecko) Chrome/76.0.3809.100 Safari/537.36 OPR/63.0.3368.53 -- 1567324430652

POST -- /api/user/login -- Mozilla/5.0 (Macintosh; Intel Mac OS X 10_14_5) AppleWebKit/537.36 (KHTML, like Gecko) Chrome/76.0.3809.100 Safari/537.36 OPR/63.0.3368.53 -- 1567324518067

POST -- /api/user/login -- Mozilla/5.0 (Macintosh; Intel Mac OS X 10_14_5) AppleWebKit/537.36 (KHTML, like Gecko) Chrome/76.0.3809.100 Safari/537.36 OPR/63.0.3368.53 -- 1567324543241

POST -- /api/user/login -- Mozilla/5.0 (Macintosh; Intel Mac OS X 10_14_5) AppleWebKit/537.36 (KHTML, like Gecko) Chrome/76.0.3809.100 Safari/537.36 OPR/63.0.3368.53 -- 1567324567386

POST -- /api/user/login -- Mozilla/5.0 (Macintosh; Intel Mac OS X 10_14_5) AppleWebKit/537.36 (KHTML, like Gecko) Chrome/76.0.3809.100 Safari/537.36 OPR/63.0.3368.53 -- 1567325348407

GET -- /api/blog/list?isadmin=1 -- Mozilla/5.0 (Macintosh; Intel Mac OS X 10_14_5) AppleWebKit/537.36 (KHTML, like Gecko) Chrome/76.0.3809.100 Safari/537.36 OPR/63.0.3368.53 -- 1567325348518

GET -- /api/blog/list?isadmin=1 -- Mozilla/5.0 (Macintosh; Intel Mac OS X 10_14_5) AppleWebKit/537.36 (KHTML, like Gecko) Chrome/76.0.3809.100 Safari/537.36 OPR/63.0.3368.53 -- 1567325349805

GET -- /api/blog/list?isadmin=1 -- Mozilla/5.0 (Macintosh; Intel Mac OS X 10_14_5) AppleWebKit/537.36 (KHTML, like Gecko) Chrome/76.0.3809.100 Safari/537.36 OPR/63.0.3368.53 -- 1567325350082

GET -- /api/blog/list?isadmin=1 -- Mozilla/5.0 (Macintosh; Intel Mac OS X 10_14_5) AppleWebKit/537.36 (KHTML, like Gecko) Chrome/76.0.3809.100 Safari/537.36 OPR/63.0.3368.53 -- 1567325350251

GET -- /api/blog/list?isadmin=1 -- Mozilla/5.0 (Macintosh; Intel Mac OS X 10_14_5) AppleWebKit/537.36 (KHTML, like Gecko) Chrome/76.0.3809.100 Safari/537.36 OPR/63.0.3368.53 -- 1567325350431

GET -- /api/blog/list?isadmin=1 -- Mozilla/5.0 (Macintosh; Intel Mac OS X 10_14_5) AppleWebKit/537.36 (KHTML, like Gecko) Chrome/76.0.3809.100 Safari/537.36 OPR/63.0.3368.53 -- 1567325350867

GET -- /api/blog/list?isadmin=1 -- Mozilla/5.0 (Macintosh; Intel Mac OS X 10_14_5) AppleWebKit/537.36 (KHTML, like Gecko) Chrome/76.0.3809.100 Safari/537.36 OPR/63.0.3368.53 -- 1567325351034

POST -- /api/blog/new -- Mozilla/5.0 (Macintosh; Intel Mac OS X 10_14_5) AppleWebKit/537.36 (KHTML, like Gecko) Chrome/76.0.3809.100 Safari/537.36 OPR/63.0.3368.53 -- 1567325354415

GET -- /api/blog/list?isadmin=1 -- Mozilla/5.0 (Macintosh; Intel Mac OS X 10_14_5) AppleWebKit/537.36 (KHTML, like Gecko) Chrome/76.0.3809.100 Safari/537.36 OPR/63.0.3368.53 -- 1567325356477

POST -- /api/user/login -- Mozilla/5.0 (Macintosh; Intel Mac OS X 10_14_5) AppleWebKit/537.36 (KHTML, like Gecko) Chrome/76.0.3809.100 Safari/537.36 OPR/63.0.3368.53 -- 1567325362799

POST -- /api/user/login -- Mozilla/5.0 (Macintosh; Intel Mac OS X 10_14_5) AppleWebKit/537.36 (KHTML, like Gecko) Chrome/76.0.3809.100 Safari/537.36 OPR/63.0.3368.53 -- 1567325366152

GET -- /api/blog/list?isadmin=1 -- Mozilla/5.0 (Macintosh; Intel Mac OS X 10_14_5) AppleWebKit/537.36 (KHTML, like Gecko) Chrome/76.0.3809.100 Safari/537.36 OPR/63.0.3368.53 -- 1567325366220

GET -- /api/blog/list?isadmin=1 -- Mozilla/5.0 (Macintosh; Intel Mac OS X 10_14_5) AppleWebKit/537.36 (KHTML, like Gecko) Chrome/76.0.3809.100 Safari/537.36 OPR/63.0.3368.53 -- 1567325451071

GET -- /api/blog/list?isadmin=1 -- Mozilla/5.0 (Macintosh; Intel Mac OS X 10_14_5) AppleWebKit/537.36 (KHTML, like Gecko) Chrome/76.0.3809.100 Safari/537.36 OPR/63.0.3368.53 -- 1567325575656

GET -- /api/blog/list?isadmin=1 -- Mozilla/5.0 (Macintosh; Intel Mac OS X 10_14_5) AppleWebKit/537.36 (KHTML, like Gecko) Chrome/76.0.3809.100 Safari/537.36 OPR/63.0.3368.53 -- 1567325616243

GET -- /api/blog/list?isadmin=1 -- Mozilla/5.0 (Macintosh; Intel Mac OS X 10_14_5) AppleWebKit/537.36 (KHTML, like Gecko) Chrome/76.0.3809.100 Safari/537.36 OPR/63.0.3368.53 -- 1567325644249

GET -- /api/blog/list?isadmin=1 -- Mozilla/5.0 (Macintosh; Intel Mac OS X 10_14_5) AppleWebKit/537.36 (KHTML, like Gecko) Chrome/76.0.3809.100 Safari/537.36 OPR/63.0.3368.53 -- 1567325724979

POST -- /api/user/login -- Mozilla/5.0 (Macintosh; Intel Mac OS X 10_14_5) AppleWebKit/537.36 (KHTML, like Gecko) Chrome/76.0.3809.100 Safari/537.36 OPR/63.0.3368.53 -- 1567325792532

GET -- /api/blog/list?isadmin=1 -- Mozilla/5.0 (Macintosh; Intel Mac OS X 10_14_5) AppleWebKit/537.36 (KHTML, like Gecko) Chrome/76.0.3809.100 Safari/537.36 OPR/63.0.3368.53 -- 1567325792620

POST -- /api/user/login -- Mozilla/5.0 (Macintosh; Intel Mac OS X 10_14_5) AppleWebKit/537.36 (KHTML, like Gecko) Chrome/76.0.3809.100 Safari/537.36 OPR/63.0.3368.53 -- 1567325813869

POST -- /api/user/login -- Mozilla/5.0 (Macintosh; Intel Mac OS X 10_14_5) AppleWebKit/537.36 (KHTML, like Gecko) Chrome/76.0.3809.100 Safari/537.36 OPR/63.0.3368.53 -- 1567325816780

GET -- /api/blog/list?isadmin=1 -- Mozilla/5.0 (Macintosh; Intel Mac OS X 10_14_5) AppleWebKit/537.36 (KHTML, like Gecko) Chrome/76.0.3809.100 Safari/537.36 OPR/63.0.3368.53 -- 1567325816846

POST -- /api/user/login -- Mozilla/5.0 (Macintosh; Intel Mac OS X 10_14_5) AppleWebKit/537.36 (KHTML, like Gecko) Chrome/76.0.3809.100 Safari/537.36 OPR/63.0.3368.53 -- 1567325907578

POST -- /api/user/login -- Mozilla/5.0 (Macintosh; Intel Mac OS X 10_14_5) AppleWebKit/537.36 (KHTML, like Gecko) Chrome/76.0.3809.100 Safari/537.36 OPR/63.0.3368.53 -- 1567325911047

GET -- /api/blog/list?isadmin=1 -- Mozilla/5.0 (Macintosh; Intel Mac OS X 10_14_5) AppleWebKit/537.36 (KHTML, like Gecko) Chrome/76.0.3809.100 Safari/537.36 OPR/63.0.3368.53 -- 1567325911113

GET -- /api/blog/list?isadmin=1 -- Mozilla/5.0 (Macintosh; Intel Mac OS X 10_14_5) AppleWebKit/537.36 (KHTML, like Gecko) Chrome/76.0.3809.100 Safari/537.36 OPR/63.0.3368.53 -- 1567325979115

POST -- /api/user/login -- Mozilla/5.0 (Macintosh; Intel Mac OS X 10_14_5) AppleWebKit/537.36 (KHTML, like Gecko) Chrome/76.0.3809.100 Safari/537.36 OPR/63.0.3368.53 -- 1567326047484

POST -- /api/user/login -- Mozilla/5.0 (Macintosh; Intel Mac OS X 10_14_5) AppleWebKit/537.36 (KHTML, like Gecko) Chrome/76.0.3809.100 Safari/537.36 OPR/63.0.3368.53 -- 1567326051004

GET -- /api/blog/list?isadmin=1 -- Mozilla/5.0 (Macintosh; Intel Mac OS X 10_14_5) AppleWebKit/537.36 (KHTML, like Gecko) Chrome/76.0.3809.100 Safari/537.36 OPR/63.0.3368.53 -- 1567326051080

POST -- /api/user/login -- Mozilla/5.0 (Macintosh; Intel Mac OS X 10_14_5) AppleWebKit/537.36 (KHTML, like Gecko) Chrome/76.0.3809.100 Safari/537.36 OPR/63.0.3368.53 -- 1567326098336

POST -- /api/user/login -- Mozilla/5.0 (Macintosh; Intel Mac OS X 10_14_5) AppleWebKit/537.36 (KHTML, like Gecko) Chrome/76.0.3809.100 Safari/537.36 OPR/63.0.3368.53 -- 1567326101303

GET -- /api/blog/list?isadmin=1 -- Mozilla/5.0 (Macintosh; Intel Mac OS X 10_14_5) AppleWebKit/537.36 (KHTML, like Gecko) Chrome/76.0.3809.100 Safari/537.36 OPR/63.0.3368.53 -- 1567326101374

GET -- /api/blog/list?isadmin=1 -- Mozilla/5.0 (Macintosh; Intel Mac OS X 10_14_5) AppleWebKit/537.36 (KHTML, like Gecko) Chrome/76.0.3809.100 Safari/537.36 OPR/63.0.3368.53 -- 1567326102110

GET -- /api/blog/list?isadmin=1 -- Mozilla/5.0 (Macintosh; Intel Mac OS X 10_14_5) AppleWebKit/537.36 (KHTML, like Gecko) Chrome/76.0.3809.100 Safari/537.36 OPR/63.0.3368.53 -- 1567326136296

GET -- /api/blog/list?isadmin=1 -- Mozilla/5.0 (Macintosh; Intel Mac OS X 10_14_5) AppleWebKit/537.36 (KHTML, like Gecko) Chrome/76.0.3809.100 Safari/537.36 OPR/63.0.3368.53 -- 1567326233050

GET -- /api/blog/list?isadmin=1&keyword=1 -- Mozilla/5.0 (Macintosh; Intel Mac OS X 10_14_5) AppleWebKit/537.36 (KHTML, like Gecko) Chrome/76.0.3809.100 Safari/537.36 OPR/63.0.3368.53 -- 1567326244275

GET -- /api/blog/list?isadmin=1 -- Mozilla/5.0 (Macintosh; Intel Mac OS X 10_14_5) AppleWebKit/537.36 (KHTML, like Gecko) Chrome/76.0.3809.100 Safari/537.36 OPR/63.0.3368.53 -- 1567326252557

GET -- /api/blog/list?isadmin=1&keyword=%E6%9D%8E%E5%9B%9B -- Mozilla/5.0 (Macintosh; Intel Mac OS X 10_14_5) AppleWebKit/537.36 (KHTML, like Gecko) Chrome/76.0.3809.100 Safari/537.36 OPR/63.0.3368.53 -- 1567326262191

GET -- /api/blog/list?isadmin=1&keyword=1 -- Mozilla/5.0 (Macintosh; Intel Mac OS X 10_14_5) AppleWebKit/537.36 (KHTML, like Gecko) Chrome/76.0.3809.100 Safari/537.36 OPR/63.0.3368.53 -- 1567326479787

GET -- /api/blog/list?isadmin=1&keyword=1 -- Mozilla/5.0 (Macintosh; Intel Mac OS X 10_14_5) AppleWebKit/537.36 (KHTML, like Gecko) Chrome/76.0.3809.100 Safari/537.36 OPR/63.0.3368.53 -- 1567326655407

GET -- /api/blog/list?isadmin=1&keyword=1 -- Mozilla/5.0 (Macintosh; Intel Mac OS X 10_14_5) AppleWebKit/537.36 (KHTML, like Gecko) Chrome/76.0.3809.100 Safari/537.36 OPR/63.0.3368.53 -- 1567326660814

GET -- /api/blog/list?isadmin=1&keyword=1 -- Mozilla/5.0 (Macintosh; Intel Mac OS X 10_14_5) AppleWebKit/537.36 (KHTML, like Gecko) Chrome/76.0.3809.100 Safari/537.36 OPR/63.0.3368.53 -- 1567327220855

GET -- /api/blog/list?isadmin=1&keyword=1 -- Mozilla/5.0 (Macintosh; Intel Mac OS X 10_14_5) AppleWebKit/537.36 (KHTML, like Gecko) Chrome/76.0.3809.100 Safari/537.36 OPR/63.0.3368.53 -- 1567327295421

GET -- /api/blog/list?isadmin=1&keyword=1 -- Mozilla/5.0 (Macintosh; Intel Mac OS X 10_14_5) AppleWebKit/537.36 (KHTML, like Gecko) Chrome/76.0.3809.100 Safari/537.36 OPR/63.0.3368.53 -- 1567327299803

GET -- /api/blog/list?isadmin=1 -- Mozilla/5.0 (Macintosh; Intel Mac OS X 10_14_5) AppleWebKit/537.36 (KHTML, like Gecko) Chrome/76.0.3809.100 Safari/537.36 OPR/63.0.3368.53 -- 1567327309184

GET -- /api/blog/list?isadmin=1 -- Mozilla/5.0 (Macintosh; Intel Mac OS X 10_14_5) AppleWebKit/537.36 (KHTML, like Gecko) Chrome/76.0.3809.100 Safari/537.36 OPR/63.0.3368.53 -- 1567328825521

GET -- /api/blog/list?isadmin=1&keyword=1 -- Mozilla/5.0 (Macintosh; Intel Mac OS X 10_14_5) AppleWebKit/537.36 (KHTML, like Gecko) Chrome/76.0.3809.100 Safari/537.36 OPR/63.0.3368.53 -- 1567328837792

GET -- /api/blog/list?isadmin=1&keyword=1 -- Mozilla/5.0 (Macintosh; Intel Mac OS X 10_14_5) AppleWebKit/537.36 (KHTML, like Gecko) Chrome/76.0.3809.100 Safari/537.36 OPR/63.0.3368.53 -- 1567328983460

GET -- /api/blog/list?isadmin=1&keyword=1 -- Mozilla/5.0 (Macintosh; Intel Mac OS X 10_14_5) AppleWebKit/537.36 (KHTML, like Gecko) Chrome/76.0.3809.100 Safari/537.36 OPR/63.0.3368.53 -- 1567328983596

GET -- /api/blog/list?isadmin=1&keyword=2 -- Mozilla/5.0 (Macintosh; Intel Mac OS X 10_14_5) AppleWebKit/537.36 (KHTML, like Gecko) Chrome/76.0.3809.100 Safari/537.36 OPR/63.0.3368.53 -- 1567328985406

GET -- /api/blog/list?isadmin=1&keyword=1 -- Mozilla/5.0 (Macintosh; Intel Mac OS X 10_14_5) AppleWebKit/537.36 (KHTML, like Gecko) Chrome/76.0.3809.100 Safari/537.36 OPR/63.0.3368.53 -- 1567328989768

GET -- /api/blog/list?isadmin=1 -- Mozilla/5.0 (Macintosh; Intel Mac OS X 10_14_5) AppleWebKit/537.36 (KHTML, like Gecko) Chrome/76.0.3809.100 Safari/537.36 OPR/63.0.3368.53 -- 1567328992897

GET -- /api/blog/list?isadmin=1 -- Mozilla/5.0 (Macintosh; Intel Mac OS X 10_14_5) AppleWebKit/537.36 (KHTML, like Gecko) Chrome/76.0.3809.100 Safari/537.36 OPR/63.0.3368.53 -- 1567329208569

GET -- /api/blog/list?isadmin=1 -- Mozilla/5.0 (Macintosh; Intel Mac OS X 10_14_5) AppleWebKit/537.36 (KHTML, like Gecko) Chrome/76.0.3809.100 Safari/537.36 OPR/63.0.3368.53 -- 1567329209075

GET -- /api/blog/list?isadmin=1 -- Mozilla/5.0 (Macintosh; Intel Mac OS X 10_14_5) AppleWebKit/537.36 (KHTML, like Gecko) Chrome/76.0.3809.100 Safari/537.36 OPR/63.0.3368.53 -- 1567329209251

GET -- /api/blog/list?isadmin=1 -- Mozilla/5.0 (Macintosh; Intel Mac OS X 10_14_5) AppleWebKit/537.36 (KHTML, like Gecko) Chrome/76.0.3809.100 Safari/537.36 OPR/63.0.3368.53 -- 1567329209410

GET -- /api/blog/list?isadmin=1 -- Mozilla/5.0 (Macintosh; Intel Mac OS X 10_14_5) AppleWebKit/537.36 (KHTML, like Gecko) Chrome/76.0.3809.100 Safari/537.36 OPR/63.0.3368.53 -- 1567329214370

GET -- /api/blog/list?isadmin=1&keyword=1 -- Mozilla/5.0 (Macintosh; Intel Mac OS X 10_14_5) AppleWebKit/537.36 (KHTML, like Gecko) Chrome/76.0.3809.100 Safari/537.36 OPR/63.0.3368.53 -- 1567329218029

GET -- /api/blog/list?isadmin=1&keyword=2 -- Mozilla/5.0 (Macintosh; Intel Mac OS X 10_14_5) AppleWebKit/537.36 (KHTML, like Gecko) Chrome/76.0.3809.100 Safari/537.36 OPR/63.0.3368.53 -- 1567329220298

GET -- /api/blog/list?isadmin=1&keyword=1 -- Mozilla/5.0 (Macintosh; Intel Mac OS X 10_14_5) AppleWebKit/537.36 (KHTML, like Gecko) Chrome/76.0.3809.100 Safari/537.36 OPR/63.0.3368.53 -- 1567329220995

GET -- /api/blog/list?isadmin=1 -- Mozilla/5.0 (Macintosh; Intel Mac OS X 10_14_5) AppleWebKit/537.36 (KHTML, like Gecko) Chrome/76.0.3809.100 Safari/537.36 OPR/63.0.3368.53 -- 1567329222456

GET -- /api/blog/list?isadmin=1&keyword=1 -- Mozilla/5.0 (Macintosh; Intel Mac OS X 10_14_5) AppleWebKit/537.36 (KHTML, like Gecko) Chrome/76.0.3809.100 Safari/537.36 OPR/63.0.3368.53 -- 1567329223714

GET -- /api/blog/list?isadmin=1&keyword=%E6%9D%8E%E5%9B%9B -- Mozilla/5.0 (Macintosh; Intel Mac OS X 10_14_5) AppleWebKit/537.36 (KHTML, like Gecko) Chrome/76.0.3809.100 Safari/537.36 OPR/63.0.3368.53 -- 1567329224220

GET -- /api/blog/list?isadmin=1 -- Mozilla/5.0 (Macintosh; Intel Mac OS X 10_14_5) AppleWebKit/537.36 (KHTML, like Gecko) Chrome/76.0.3809.100 Safari/537.36 OPR/63.0.3368.53 -- 1567329224667

POST -- /api/user/login -- Mozilla/5.0 (Macintosh; Intel Mac OS X 10_14_5) AppleWebKit/537.36 (KHTML, like Gecko) Chrome/76.0.3809.100 Safari/537.36 OPR/63.0.3368.53 -- 1567329229635

GET -- /api/blog/list?isadmin=1 -- Mozilla/5.0 (Macintosh; Intel Mac OS X 10_14_5) AppleWebKit/537.36 (KHTML, like Gecko) Chrome/76.0.3809.100 Safari/537.36 OPR/63.0.3368.53 -- 1567329229701

POST -- /api/blog/new -- Mozilla/5.0 (Macintosh; Intel Mac OS X 10_14_5) AppleWebKit/537.36 (KHTML, like Gecko) Chrome/76.0.3809.100 Safari/537.36 OPR/63.0.3368.53 -- 1567329242994

POST -- /api/blog/new -- Mozilla/5.0 (Macintosh; Intel Mac OS X 10_14_5) AppleWebKit/537.36 (KHTML, like Gecko) Chrome/76.0.3809.100 Safari/537.36 OPR/63.0.3368.53 -- 1567329308476

POST -- /api/blog/new -- Mozilla/5.0 (Macintosh; Intel Mac OS X 10_14_5) AppleWebKit/537.36 (KHTML, like Gecko) Chrome/76.0.3809.100 Safari/537.36 OPR/63.0.3368.53 -- 1567329353585

GET -- /api/blog/list?isadmin=1 -- Mozilla/5.0 (Macintosh; Intel Mac OS X 10_14_5) AppleWebKit/537.36 (KHTML, like Gecko) Chrome/76.0.3809.100 Safari/537.36 OPR/63.0.3368.53 -- 1567329355172

GET -- /api/blog/detail?id=16 -- Mozilla/5.0 (Macintosh; Intel Mac OS X 10_14_5) AppleWebKit/537.36 (KHTML, like Gecko) Chrome/76.0.3809.100 Safari/537.36 OPR/63.0.3368.53 -- 1567329463821

POST -- /api/blog/update -- Mozilla/5.0 (Macintosh; Intel Mac OS X 10_14_5) AppleWebKit/537.36 (KHTML, like Gecko) Chrome/76.0.3809.100 Safari/537.36 OPR/63.0.3368.53 -- 1567329499682

GET -- /api/blog/list?isadmin=1 -- Mozilla/5.0 (Macintosh; Intel Mac OS X 10_14_5) AppleWebKit/537.36 (KHTML, like Gecko) Chrome/76.0.3809.100 Safari/537.36 OPR/63.0.3368.53 -- 1567329501413

GET -- /api/blog/detail?id=16 -- Mozilla/5.0 (Macintosh; Intel Mac OS X 10_14_5) AppleWebKit/537.36 (KHTML, like Gecko) Chrome/76.0.3809.100 Safari/537.36 OPR/63.0.3368.53 -- 1567329502632

POST -- /api/blog/del -- Mozilla/5.0 (Macintosh; Intel Mac OS X 10_14_5) AppleWebKit/537.36 (KHTML, like Gecko) Chrome/76.0.3809.100 Safari/537.36 OPR/63.0.3368.53 -- 1567329506801

GET -- /api/blog/list?isadmin=1 -- Mozilla/5.0 (Macintosh; Intel Mac OS X 10_14_5) AppleWebKit/537.36 (KHTML, like Gecko) Chrome/76.0.3809.100 Safari/537.36 OPR/63.0.3368.53 -- 1567329507056

GET -- /api/blog/detail?id=16 -- Mozilla/5.0 (Macintosh; Intel Mac OS X 10_14_5) AppleWebKit/537.36 (KHTML, like Gecko) Chrome/76.0.3809.100 Safari/537.36 OPR/63.0.3368.53 -- 1567329532258

GET -- /api/blog/list?isadmin=1 -- Mozilla/5.0 (Macintosh; Intel Mac OS X 10_14_5) AppleWebKit/537.36 (KHTML, like Gecko) Chrome/76.0.3809.100 Safari/537.36 OPR/63.0.3368.53 -- 1567329533173

GET -- /api/blog/list?isadmin=1 -- Mozilla/5.0 (Macintosh; Intel Mac OS X 10_14_5) AppleWebKit/537.36 (KHTML, like Gecko) Chrome/76.0.3809.100 Safari/537.36 OPR/63.0.3368.53 -- 1567329534465

POST -- /api/user/login -- Mozilla/5.0 (Macintosh; Intel Mac OS X 10_14_5) AppleWebKit/537.36 (KHTML, like Gecko) Chrome/76.0.3809.100 Safari/537.36 OPR/63.0.3368.53 -- 1567329538787

GET -- /api/blog/list?isadmin=1 -- Mozilla/5.0 (Macintosh; Intel Mac OS X 10_14_5) AppleWebKit/537.36 (KHTML, like Gecko) Chrome/76.0.3809.100 Safari/537.36 OPR/63.0.3368.53 -- 1567329538857

POST -- /api/blog/new -- Mozilla/5.0 (Macintosh; Intel Mac OS X 10_14_5) AppleWebKit/537.36 (KHTML, like Gecko) Chrome/76.0.3809.100 Safari/537.36 OPR/63.0.3368.53 -- 1567331296671

GET -- /api/blog/list?isadmin=1 -- Mozilla/5.0 (Macintosh; Intel Mac OS X 10_14_5) AppleWebKit/537.36 (KHTML, like Gecko) Chrome/76.0.3809.100 Safari/537.36 OPR/63.0.3368.53 -- 1567331298550

GET -- /api/blog/list?isadmin=1 -- Mozilla/5.0 (Macintosh; Intel Mac OS X 10_14_5) AppleWebKit/537.36 (KHTML, like Gecko) Chrome/76.0.3809.100 Safari/537.36 OPR/63.0.3368.53 -- 1567331300264

GET -- /api/blog/list?isadmin=1 -- Mozilla/5.0 (Macintosh; Intel Mac OS X 10_14_5) AppleWebKit/537.36 (KHTML, like Gecko) Chrome/76.0.3809.100 Safari/537.36 OPR/63.0.3368.53 -- 1567331436681

POST -- /api/blog/del -- Mozilla/5.0 (Macintosh; Intel Mac OS X 10_14_5) AppleWebKit/537.36 (KHTML, like Gecko) Chrome/76.0.3809.100 Safari/537.36 OPR/63.0.3368.53 -- 1567331440194

GET -- /api/blog/list?isadmin=1 -- Mozilla/5.0 (Macintosh; Intel Mac OS X 10_14_5) AppleWebKit/537.36 (KHTML, like Gecko) Chrome/76.0.3809.100 Safari/537.36 OPR/63.0.3368.53 -- 1567331440447

POST -- /api/blog/new -- Mozilla/5.0 (Macintosh; Intel Mac OS X 10_14_5) AppleWebKit/537.36 (KHTML, like Gecko) Chrome/76.0.3809.100 Safari/537.36 OPR/63.0.3368.53 -- 1567331459137

GET -- /api/blog/list?isadmin=1 -- Mozilla/5.0 (Macintosh; Intel Mac OS X 10_14_5) AppleWebKit/537.36 (KHTML, like Gecko) Chrome/76.0.3809.100 Safari/537.36 OPR/63.0.3368.53 -- 1567331460826

GET -- /api/blog/list?isadmin=1 -- Mozilla/5.0 (Macintosh; Intel Mac OS X 10_14_5) AppleWebKit/537.36 (KHTML, like Gecko) Chrome/76.0.3809.100 Safari/537.36 OPR/63.0.3368.53 -- 1567332258108

GET -- /api/blog/list?isadmin=1 -- Mozilla/5.0 (Macintosh; Intel Mac OS X 10_14_5) AppleWebKit/537.36 (KHTML, like Gecko) Chrome/76.0.3809.100 Safari/537.36 OPR/63.0.3368.53 -- 1567332258769

GET -- /api/blog/list?isadmin=1 -- Mozilla/5.0 (Macintosh; Intel Mac OS X 10_14_5) AppleWebKit/537.36 (KHTML, like Gecko) Chrome/76.0.3809.100 Safari/537.36 OPR/63.0.3368.53 -- 1567332258971

GET -- /api/blog/list?isadmin=1 -- Mozilla/5.0 (Macintosh; Intel Mac OS X 10_14_5) AppleWebKit/537.36 (KHTML, like Gecko) Chrome/76.0.3809.100 Safari/537.36 OPR/63.0.3368.53 -- 1567332259102

POST -- /api/blog/new -- Mozilla/5.0 (Macintosh; Intel Mac OS X 10_14_5) AppleWebKit/537.36 (KHTML, like Gecko) Chrome/76.0.3809.100 Safari/537.36 OPR/63.0.3368.53 -- 1567332296423

GET -- /api/blog/list?isadmin=1 -- Mozilla/5.0 (Macintosh; Intel Mac OS X 10_14_5) AppleWebKit/537.36 (KHTML, like Gecko) Chrome/76.0.3809.100 Safari/537.36 OPR/63.0.3368.53 -- 1567332298001

GET -- /api/blog/list?isadmin=1 -- Mozilla/5.0 (Macintosh; Intel Mac OS X 10_14_5) AppleWebKit/537.36 (KHTML, like Gecko) Chrome/76.0.3809.100 Safari/537.36 OPR/63.0.3368.53 -- 1567332299435

GET -- /api/blog/list?isadmin=1 -- Mozilla/5.0 (Macintosh; Intel Mac OS X 10_14_5) AppleWebKit/537.36 (KHTML, like Gecko) Chrome/76.0.3809.100 Safari/537.36 OPR/63.0.3368.53 -- 1567332300170

GET -- /api/blog/list?isadmin=1 -- Mozilla/5.0 (Macintosh; Intel Mac OS X 10_14_5) AppleWebKit/537.36 (KHTML, like Gecko) Chrome/76.0.3809.100 Safari/537.36 OPR/63.0.3368.53 -- 1567332300364

GET -- /api/blog/list?isadmin=1 -- Mozilla/5.0 (Macintosh; Intel Mac OS X 10_14_5) AppleWebKit/537.36 (KHTML, like Gecko) Chrome/76.0.3809.100 Safari/537.36 OPR/63.0.3368.53 -- 1567332300529

GET -- /api/blog/detail?id=18 -- Mozilla/5.0 (Macintosh; Intel Mac OS X 10_14_5) AppleWebKit/537.36 (KHTML, like Gecko) Chrome/76.0.3809.100 Safari/537.36 OPR/63.0.3368.53 -- 1567332370469

POST -- /api/blog/new -- Mozilla/5.0 (Macintosh; Intel Mac OS X 10_14_5) AppleWebKit/537.36 (KHTML, like Gecko) Chrome/76.0.3809.100 Safari/537.36 OPR/63.0.3368.53 -- 1567332381543

GET -- /api/blog/list?isadmin=1 -- Mozilla/5.0 (Macintosh; Intel Mac OS X 10_14_5) AppleWebKit/537.36 (KHTML, like Gecko) Chrome/76.0.3809.100 Safari/537.36 OPR/63.0.3368.53 -- 1567332383241

POST -- /api/blog/new -- Mozilla/5.0 (Macintosh; Intel Mac OS X 10_14_5) AppleWebKit/537.36 (KHTML, like Gecko) Chrome/76.0.3809.100 Safari/537.36 OPR/63.0.3368.53 -- 1567332411341

GET -- /api/blog/list?isadmin=1 -- Mozilla/5.0 (Macintosh; Intel Mac OS X 10_14_5) AppleWebKit/537.36 (KHTML, like Gecko) Chrome/76.0.3809.100 Safari/537.36 OPR/63.0.3368.53 -- 1567332412945

POST -- /api/blog/new -- Mozilla/5.0 (Macintosh; Intel Mac OS X 10_14_5) AppleWebKit/537.36 (KHTML, like Gecko) Chrome/76.0.3809.100 Safari/537.36 OPR/63.0.3368.53 -- 1567332468589

GET -- /api/blog/list?isadmin=1 -- Mozilla/5.0 (Macintosh; Intel Mac OS X 10_14_5) AppleWebKit/537.36 (KHTML, like Gecko) Chrome/76.0.3809.100 Safari/537.36 OPR/63.0.3368.53 -- 1567332470310

GET -- /api/blog/list?isadmin=1 -- Mozilla/5.0 (Macintosh; Intel Mac OS X 10_14_5) AppleWebKit/537.36 (KHTML, like Gecko) Chrome/76.0.3809.100 Safari/537.36 OPR/63.0.3368.53 -- 1567334553286

GET -- /api/blog/list?isadmin=1 -- Mozilla/5.0 (Macintosh; Intel Mac OS X 10_14_5) AppleWebKit/537.36 (KHTML, like Gecko) Chrome/76.0.3809.100 Safari/537.36 OPR/63.0.3368.53 -- 1567334555965

GET -- /api/blog/list?isadmin=1 -- Mozilla/5.0 (Macintosh; Intel Mac OS X 10_14_5) AppleWebKit/537.36 (KHTML, like Gecko) Chrome/76.0.3809.100 Safari/537.36 OPR/63.0.3368.53 -- 1567334557059

GET -- /api/blog/list?isadmin=1 -- Mozilla/5.0 (Macintosh; Intel Mac OS X 10_14_5) AppleWebKit/537.36 (KHTML, like Gecko) Chrome/76.0.3809.100 Safari/537.36 OPR/63.0.3368.53 -- 1567334558322

GET -- /api/blog/list?isadmin=1 -- Mozilla/5.0 (Macintosh; Intel Mac OS X 10_14_5) AppleWebKit/537.36 (KHTML, like Gecko) Chrome/76.0.3809.100 Safari/537.36 OPR/63.0.3368.53 -- 1567334559314

GET -- /api/blog/list?isadmin=1 -- Mozilla/5.0 (Macintosh; Intel Mac OS X 10_14_5) AppleWebKit/537.36 (KHTML, like Gecko) Chrome/76.0.3809.100 Safari/537.36 OPR/63.0.3368.53 -- 1567334560318

GET -- /api/blog/list?isadmin=1 -- Mozilla/5.0 (Macintosh; Intel Mac OS X 10_14_5) AppleWebKit/537.36 (KHTML, like Gecko) Chrome/76.0.3809.100 Safari/537.36 OPR/63.0.3368.53 -- 1567334561245

POST -- /api/user/login -- Mozilla/5.0 (Macintosh; Intel Mac OS X 10_14_5) AppleWebKit/537.36 (KHTML, like Gecko) Chrome/76.0.3809.100 Safari/537.36 OPR/63.0.3368.53 -- 1567334572075

GET -- /api/blog/list?isadmin=1 -- Mozilla/5.0 (Macintosh; Intel Mac OS X 10_14_5) AppleWebKit/537.36 (KHTML, like Gecko) Chrome/76.0.3809.100 Safari/537.36 OPR/63.0.3368.53 -- 1567334572139

POST -- /api/user/login -- Mozilla/5.0 (Macintosh; Intel Mac OS X 10_14_5) AppleWebKit/537.36 (KHTML, like Gecko) Chrome/76.0.3809.100 Safari/537.36 OPR/63.0.3368.53 -- 1567334649357

GET -- /api/blog/list?isadmin=1 -- Mozilla/5.0 (Macintosh; Intel Mac OS X 10_14_5) AppleWebKit/537.36 (KHTML, like Gecko) Chrome/76.0.3809.100 Safari/537.36 OPR/63.0.3368.53 -- 1567334649441

POST -- /api/user/login -- Mozilla/5.0 (Macintosh; Intel Mac OS X 10_14_5) AppleWebKit/537.36 (KHTML, like Gecko) Chrome/76.0.3809.100 Safari/537.36 OPR/63.0.3368.53 -- 1567334664267

POST -- /api/user/login -- Mozilla/5.0 (Macintosh; Intel Mac OS X 10_14_5) AppleWebKit/537.36 (KHTML, like Gecko) Chrome/76.0.3809.100 Safari/537.36 OPR/63.0.3368.53 -- 1567334669894

POST -- /api/user/login -- Mozilla/5.0 (Macintosh; Intel Mac OS X 10_14_5) AppleWebKit/537.36 (KHTML, like Gecko) Chrome/76.0.3809.100 Safari/537.36 OPR/63.0.3368.53 -- 1567334691392

GET -- /api/blog/list?isadmin=1 -- Mozilla/5.0 (Macintosh; Intel Mac OS X 10_14_5) AppleWebKit/537.36 (KHTML, like Gecko) Chrome/76.0.3809.100 Safari/537.36 OPR/63.0.3368.53 -- 1567334691469

GET -- /api/blog/list?isadmin=1 -- Mozilla/5.0 (Macintosh; Intel Mac OS X 10_14_5) AppleWebKit/537.36 (KHTML, like Gecko) Chrome/76.0.3809.100 Safari/537.36 OPR/63.0.3368.53 -- 1567839774629

POST -- /api/user/login -- Mozilla/5.0 (Macintosh; Intel Mac OS X 10_14_5) AppleWebKit/537.36 (KHTML, like Gecko) Chrome/76.0.3809.100 Safari/537.36 OPR/63.0.3368.53 -- 1567839789467

GET -- /api/blog/list?isadmin=1 -- Mozilla/5.0 (Macintosh; Intel Mac OS X 10_14_5) AppleWebKit/537.36 (KHTML, like Gecko) Chrome/76.0.3809.100 Safari/537.36 OPR/63.0.3368.53 -- 1567839789591

GET -- /api/blog/list?isadmin=1 -- Mozilla/5.0 (Macintosh; Intel Mac OS X 10_14_5) AppleWebKit/537.36 (KHTML, like Gecko) Chrome/76.0.3809.100 Safari/537.36 OPR/63.0.3368.53 -- 1567839790738

GET -- /api/blog/list?isadmin=1 -- Mozilla/5.0 (Macintosh; Intel Mac OS X 10_14_5) AppleWebKit/537.36 (KHTML, like Gecko) Chrome/76.0.3809.100 Safari/537.36 OPR/63.0.3368.53 -- 1567839790908

GET -- /api/blog/list?isadmin=1 -- Mozilla/5.0 (Macintosh; Intel Mac OS X 10_14_5) AppleWebKit/537.36 (KHTML, like Gecko) Chrome/76.0.3809.100 Safari/537.36 OPR/63.0.3368.53 -- 1567840153055

GET -- /api/blog/detail?id=25 -- Mozilla/5.0 (Macintosh; Intel Mac OS X 10_14_5) AppleWebKit/537.36 (KHTML, like Gecko) Chrome/76.0.3809.100 Safari/537.36 OPR/63.0.3368.53 -- 1567840162778

